<?xml version="1.0" encoding="UTF-8"?>
<coverage generated="1773658990206" clover="3.2.0">
  <project timestamp="1773658990207" name="All files">
    <metrics statements="9" coveredstatements="9" conditionals="1" coveredconditionals="0" methods="4" coveredmethods="4" elements="14" coveredelements="13" complexity="0" loc="9" ncloc="9" packages="1" files="1" classes="1"/>
    <file name="pageLoader.js" path="/mnt/c/Users/USUARIO/Desktop/jose/CODICA/fullstack-javascript-project-138/src/pageLoader.js">
      <metrics statements="9" coveredstatements="9" conditionals="1" coveredconditionals="0" methods="4" coveredmethods="4"/>
      <line num="5" count="1" type="stmt"/>
      <line num="6" count="1" type="stmt"/>
      <line num="8" count="1" type="stmt"/>
      <line num="13" count="1" type="stmt"/>
      <line num="17" count="1" type="stmt"/>
      <line num="18" count="1" type="stmt"/>
      <line num="20" count="1" type="stmt"/>
      <line num="22" count="1" type="stmt"/>
      <line num="23" count="1" type="stmt"/>
    </file>
  </project>
</coverage>
